# JRE version: OpenJDK Runtime Environment Microsoft-8035250 (11.0.20+8) (build 11.0.20+8-LTS)
# Java VM: OpenJDK 64-Bit Server VM Microsoft-8035250 (11.0.20+8-LTS, mixed mode, tiered, compressed oops, g1 gc, windows-amd64)
Heap:
 garbage-first heap   total 397312K, used 181928K [0x0000000080000000, 0x0000000100000000)
  region size 1024K, 57 young (58368K), 19 survivors (19456K)
 Metaspace       used 141419K, capacity 143682K, committed 143772K, reserved 643072K
  class space    used 16232K, capacity 17166K, committed 17228K, reserved 516096K
GC Heap History (20 events):
Event: 44.155 GC heap before
{Heap before GC invocations=67 (full 0):
 garbage-first heap   total 397312K, used 316738K [0x0000000080000000, 0x0000000100000000)
  region size 1024K, 215 young (220160K), 24 survivors (24576K)
 Metaspace       used 116387K, capacity 118169K, committed 118300K, reserved 620544K
  class space    used 13163K, capacity 13925K, committed 14028K, reserved 516096K
}
Event: 44.178 GC heap after
{Heap after GC invocations=68 (full 0):
 garbage-first heap   total 397312K, used 131243K [0x0000000080000000, 0x0000000100000000)
  region size 1024K, 22 young (22528K), 22 survivors (22528K)
 Metaspace       used 116387K, capacity 118169K, committed 118300K, reserved 620544K
  class space    used 13163K, capacity 13925K, committed 14028K, reserved 516096K
}
Event: 44.206 GC heap before
{Heap before GC invocations=68 (full 0):
 garbage-first heap   total 397312K, used 132267K [0x0000000080000000, 0x0000000100000000)
  region size 1024K, 23 young (23552K), 22 survivors (22528K)
 Metaspace       used 116411K, capacity 118233K, committed 118556K, reserved 622592K
  class space    used 13163K, capacity 13925K, committed 14028K, reserved 516096K
}
Event: 44.220 GC heap after
{Heap after GC invocations=69 (full 0):
 garbage-first heap   total 397312K, used 125150K [0x0000000080000000, 0x0000000100000000)
  region size 1024K, 3 young (3072K), 3 survivors (3072K)
 Metaspace       used 116411K, capacity 118233K, committed 118556K, reserved 622592K
  class space    used 13163K, capacity 13925K, committed 14028K, reserved 516096K
}
Event: 46.169 GC heap before
{Heap before GC invocations=69 (full 0):
 garbage-first heap   total 397312K, used 324830K [0x0000000080000000, 0x0000000100000000)
  region size 1024K, 192 young (196608K), 3 survivors (3072K)
 Metaspace       used 117274K, capacity 119138K, committed 119452K, reserved 622592K
  class space    used 13251K, capacity 14035K, committed 14156K, reserved 516096K
}
Event: 46.174 GC heap after
{Heap after GC invocations=70 (full 0):
 garbage-first heap   total 397312K, used 131431K [0x0000000080000000, 0x0000000100000000)
  region size 1024K, 3 young (3072K), 3 survivors (3072K)
 Metaspace       used 117274K, capacity 119138K, committed 119452K, reserved 622592K
  class space    used 13251K, capacity 14035K, committed 14156K, reserved 516096K
}
Event: 46.955 GC heap before
{Heap before GC invocations=71 (full 0):
 garbage-first heap   total 397312K, used 323943K [0x0000000080000000, 0x0000000100000000)
  region size 1024K, 193 young (197632K), 3 survivors (3072K)
 Metaspace       used 117274K, capacity 119138K, committed 119452K, reserved 622592K
  class space    used 13251K, capacity 14035K, committed 14156K, reserved 516096K
}
Event: 46.958 GC heap after
{Heap after GC invocations=72 (full 0):
 garbage-first heap   total 397312K, used 129703K [0x0000000080000000, 0x0000000100000000)
  region size 1024K, 3 young (3072K), 3 survivors (3072K)
 Metaspace       used 117274K, capacity 119138K, committed 119452K, reserved 622592K
  class space    used 13251K, capacity 14035K, committed 14156K, reserved 516096K
}
Event: 47.024 GC heap before
{Heap before GC invocations=72 (full 0):
 garbage-first heap   total 397312K, used 146087K [0x0000000080000000, 0x0000000100000000)
  region size 1024K, 19 young (19456K), 3 survivors (3072K)
 Metaspace       used 117274K, capacity 119138K, committed 119452K, reserved 622592K
  class space    used 13251K, capacity 14035K, committed 14156K, reserved 516096K
}
Event: 47.026 GC heap after
{Heap after GC invocations=73 (full 0):
 garbage-first heap   total 397312K, used 125839K [0x0000000080000000, 0x0000000100000000)
  region size 1024K, 2 young (2048K), 2 survivors (2048K)
 Metaspace       used 117274K, capacity 119138K, committed 119452K, reserved 622592K
  class space    used 13251K, capacity 14035K, committed 14156K, reserved 516096K
}
Event: 47.763 GC heap before
{Heap before GC invocations=73 (full 0):
 garbage-first heap   total 397312K, used 328591K [0x0000000080000000, 0x0000000100000000)
  region size 1024K, 200 young (204800K), 2 survivors (2048K)
 Metaspace       used 117274K, capacity 119138K, committed 119452K, reserved 622592K
  class space    used 13251K, capacity 14035K, committed 14156K, reserved 516096K
}
Event: 47.765 GC heap after
{Heap after GC invocations=74 (full 0):
 garbage-first heap   total 397312K, used 126729K [0x0000000080000000, 0x0000000100000000)
  region size 1024K, 3 young (3072K), 3 survivors (3072K)
 Metaspace       used 117274K, capacity 119138K, committed 119452K, reserved 622592K
  class space    used 13251K, capacity 14035K, committed 14156K, reserved 516096K
}
Event: 48.642 GC heap before
{Heap before GC invocations=74 (full 0):
 garbage-first heap   total 397312K, used 333577K [0x0000000080000000, 0x0000000100000000)
  region size 1024K, 205 young (209920K), 3 survivors (3072K)
 Metaspace       used 119141K, capacity 120994K, committed 121116K, reserved 624640K
  class space    used 13440K, capacity 14227K, committed 14284K, reserved 516096K
}
Event: 48.644 GC heap after
{Heap after GC invocations=75 (full 0):
 garbage-first heap   total 397312K, used 121705K [0x0000000080000000, 0x0000000100000000)
  region size 1024K, 4 young (4096K), 4 survivors (4096K)
 Metaspace       used 119141K, capacity 120994K, committed 121116K, reserved 624640K
  class space    used 13440K, capacity 14227K, committed 14284K, reserved 516096K
}
Event: 49.198 GC heap before
{Heap before GC invocations=75 (full 0):
 garbage-first heap   total 397312K, used 341865K [0x0000000080000000, 0x0000000100000000)
  region size 1024K, 212 young (217088K), 4 survivors (4096K)
 Metaspace       used 119179K, capacity 120994K, committed 121116K, reserved 624640K
  class space    used 13442K, capacity 14227K, committed 14284K, reserved 516096K
}
Event: 49.200 GC heap after
{Heap after GC invocations=76 (full 0):
 garbage-first heap   total 397312K, used 121913K [0x0000000080000000, 0x0000000100000000)
  region size 1024K, 4 young (4096K), 4 survivors (4096K)
 Metaspace       used 119179K, capacity 120994K, committed 121116K, reserved 624640K
  class space    used 13442K, capacity 14227K, committed 14284K, reserved 516096K
}
Event: 51.001 GC heap before
{Heap before GC invocations=76 (full 0):
 garbage-first heap   total 397312K, used 346169K [0x0000000080000000, 0x0000000100000000)
  region size 1024K, 216 young (221184K), 4 survivors (4096K)
 Metaspace       used 127258K, capacity 129271K, committed 129308K, reserved 630784K
  class space    used 14451K, capacity 15277K, committed 15308K, reserved 516096K
}
Event: 51.011 GC heap after
{Heap after GC invocations=77 (full 0):
 garbage-first heap   total 397312K, used 138632K [0x0000000080000000, 0x0000000100000000)
  region size 1024K, 14 young (14336K), 14 survivors (14336K)
 Metaspace       used 127258K, capacity 129271K, committed 129308K, reserved 630784K
  class space    used 14451K, capacity 15277K, committed 15308K, reserved 516096K
}
Event: 53.078 GC heap before
{Heap before GC invocations=77 (full 0):
 garbage-first heap   total 397312K, used 338312K [0x0000000080000000, 0x0000000100000000)
  region size 1024K, 208 young (212992K), 14 survivors (14336K)
 Metaspace       used 139680K, capacity 141909K, committed 142108K, reserved 643072K
  class space    used 16075K, capacity 16986K, committed 17100K, reserved 516096K
}
Event: 53.088 GC heap after
{Heap after GC invocations=78 (full 0):
 garbage-first heap   total 397312K, used 144040K [0x0000000080000000, 0x0000000100000000)
  region size 1024K, 19 young (19456K), 19 survivors (19456K)
 Metaspace       used 139680K, capacity 141909K, committed 142108K, reserved 643072K
  class space    used 16075K, capacity 16986K, committed 17100K, reserved 516096K
}

