# JRE version: OpenJDK Runtime Environment Microsoft-8035250 (11.0.20+8) (build 11.0.20+8-LTS)
# Java VM: OpenJDK 64-Bit Server VM Microsoft-8035250 (11.0.20+8-LTS, mixed mode, tiered, compressed oops, g1 gc, windows-amd64)
Heap:
 garbage-first heap   total 371712K, used 223434K [0x0000000080000000, 0x0000000100000000)
  region size 1024K, 24 young (24576K), 4 survivors (4096K)
 Metaspace       used 174871K, capacity 181036K, committed 181256K, reserved 673792K
  class space    used 21983K, capacity 24277K, committed 24320K, reserved 516096K
GC Heap History (20 events):
Event: 7048.225 GC heap before
{Heap before GC invocations=245 (full 0):
 garbage-first heap   total 371712K, used 291058K [0x0000000080000000, 0x0000000100000000)
  region size 1024K, 96 young (98304K), 2 survivors (2048K)
 Metaspace       used 170616K, capacity 176537K, committed 176776K, reserved 669696K
  class space    used 21375K, capacity 23568K, committed 23680K, reserved 516096K
}
Event: 7048.228 GC heap after
{Heap after GC invocations=246 (full 0):
 garbage-first heap   total 371712K, used 195930K [0x0000000080000000, 0x0000000100000000)
  region size 1024K, 3 young (3072K), 3 survivors (3072K)
 Metaspace       used 170616K, capacity 176537K, committed 176776K, reserved 669696K
  class space    used 21375K, capacity 23568K, committed 23680K, reserved 516096K
}
Event: 7048.548 GC heap before
{Heap before GC invocations=247 (full 0):
 garbage-first heap   total 371712K, used 296282K [0x0000000080000000, 0x0000000100000000)
  region size 1024K, 101 young (103424K), 3 survivors (3072K)
 Metaspace       used 170616K, capacity 176537K, committed 176776K, reserved 669696K
  class space    used 21375K, capacity 23568K, committed 23680K, reserved 516096K
}
Event: 7048.551 GC heap after
{Heap after GC invocations=248 (full 0):
 garbage-first heap   total 371712K, used 197146K [0x0000000080000000, 0x0000000100000000)
  region size 1024K, 4 young (4096K), 4 survivors (4096K)
 Metaspace       used 170616K, capacity 176537K, committed 176776K, reserved 669696K
  class space    used 21375K, capacity 23568K, committed 23680K, reserved 516096K
}
Event: 7048.834 GC heap before
{Heap before GC invocations=248 (full 0):
 garbage-first heap   total 371712K, used 299546K [0x0000000080000000, 0x0000000100000000)
  region size 1024K, 104 young (106496K), 4 survivors (4096K)
 Metaspace       used 170616K, capacity 176537K, committed 176776K, reserved 669696K
  class space    used 21375K, capacity 23568K, committed 23680K, reserved 516096K
}
Event: 7048.836 GC heap after
{Heap after GC invocations=249 (full 0):
 garbage-first heap   total 371712K, used 190900K [0x0000000080000000, 0x0000000100000000)
  region size 1024K, 1 young (1024K), 1 survivors (1024K)
 Metaspace       used 170616K, capacity 176537K, committed 176776K, reserved 669696K
  class space    used 21375K, capacity 23568K, committed 23680K, reserved 516096K
}
Event: 7051.131 GC heap before
{Heap before GC invocations=250 (full 0):
 garbage-first heap   total 371712K, used 299444K [0x0000000080000000, 0x0000000100000000)
  region size 1024K, 108 young (110592K), 1 survivors (1024K)
 Metaspace       used 172755K, capacity 178726K, committed 178824K, reserved 671744K
  class space    used 21658K, capacity 23888K, committed 23936K, reserved 516096K
}
Event: 7051.138 GC heap after
{Heap after GC invocations=251 (full 0):
 garbage-first heap   total 371712K, used 194188K [0x0000000080000000, 0x0000000100000000)
  region size 1024K, 5 young (5120K), 5 survivors (5120K)
 Metaspace       used 172755K, capacity 178726K, committed 178824K, reserved 671744K
  class space    used 21658K, capacity 23888K, committed 23936K, reserved 516096K
}
Event: 7051.710 GC heap before
{Heap before GC invocations=251 (full 0):
 garbage-first heap   total 371712K, used 216716K [0x0000000080000000, 0x0000000100000000)
  region size 1024K, 29 young (29696K), 5 survivors (5120K)
 Metaspace       used 173555K, capacity 179686K, committed 179720K, reserved 673792K
  class space    used 21796K, capacity 24060K, committed 24064K, reserved 516096K
}
Event: 7051.716 GC heap after
{Heap after GC invocations=252 (full 0):
 garbage-first heap   total 371712K, used 195130K [0x0000000080000000, 0x0000000100000000)
  region size 1024K, 5 young (5120K), 5 survivors (5120K)
 Metaspace       used 173555K, capacity 179686K, committed 179720K, reserved 673792K
  class space    used 21796K, capacity 24060K, committed 24064K, reserved 516096K
}
Event: 7052.311 GC heap before
{Heap before GC invocations=253 (full 0):
 garbage-first heap   total 371712K, used 309818K [0x0000000080000000, 0x0000000100000000)
  region size 1024K, 115 young (117760K), 5 survivors (5120K)
 Metaspace       used 173555K, capacity 179686K, committed 179720K, reserved 673792K
  class space    used 21796K, capacity 24060K, committed 24064K, reserved 516096K
}
Event: 7052.317 GC heap after
{Heap after GC invocations=254 (full 0):
 garbage-first heap   total 371712K, used 199979K [0x0000000080000000, 0x0000000100000000)
  region size 1024K, 7 young (7168K), 7 survivors (7168K)
 Metaspace       used 173555K, capacity 179686K, committed 179720K, reserved 673792K
  class space    used 21796K, capacity 24060K, committed 24064K, reserved 516096K
}
Event: 7052.393 GC heap before
{Heap before GC invocations=254 (full 0):
 garbage-first heap   total 371712K, used 210219K [0x0000000080000000, 0x0000000100000000)
  region size 1024K, 18 young (18432K), 7 survivors (7168K)
 Metaspace       used 173555K, capacity 179686K, committed 179720K, reserved 673792K
  class space    used 21796K, capacity 24060K, committed 24064K, reserved 516096K
}
Event: 7052.399 GC heap after
{Heap after GC invocations=255 (full 0):
 garbage-first heap   total 371712K, used 200210K [0x0000000080000000, 0x0000000100000000)
  region size 1024K, 1 young (1024K), 1 survivors (1024K)
 Metaspace       used 173555K, capacity 179686K, committed 179720K, reserved 673792K
  class space    used 21796K, capacity 24060K, committed 24064K, reserved 516096K
}
Event: 7052.808 GC heap before
{Heap before GC invocations=255 (full 0):
 garbage-first heap   total 371712K, used 311826K [0x0000000080000000, 0x0000000100000000)
  region size 1024K, 110 young (112640K), 1 survivors (1024K)
 Metaspace       used 173555K, capacity 179686K, committed 179720K, reserved 673792K
  class space    used 21796K, capacity 24060K, committed 24064K, reserved 516096K
}
Event: 7052.811 GC heap after
{Heap after GC invocations=256 (full 0):
 garbage-first heap   total 371712K, used 200790K [0x0000000080000000, 0x0000000100000000)
  region size 1024K, 2 young (2048K), 2 survivors (2048K)
 Metaspace       used 173555K, capacity 179686K, committed 179720K, reserved 673792K
  class space    used 21796K, capacity 24060K, committed 24064K, reserved 516096K
}
Event: 7053.339 GC heap before
{Heap before GC invocations=257 (full 0):
 garbage-first heap   total 371712K, used 314454K [0x0000000080000000, 0x0000000100000000)
  region size 1024K, 113 young (115712K), 2 survivors (2048K)
 Metaspace       used 173555K, capacity 179686K, committed 179720K, reserved 673792K
  class space    used 21796K, capacity 24060K, committed 24064K, reserved 516096K
}
Event: 7053.343 GC heap after
{Heap after GC invocations=258 (full 0):
 garbage-first heap   total 371712K, used 202105K [0x0000000080000000, 0x0000000100000000)
  region size 1024K, 3 young (3072K), 3 survivors (3072K)
 Metaspace       used 173555K, capacity 179686K, committed 179720K, reserved 673792K
  class space    used 21796K, capacity 24060K, committed 24064K, reserved 516096K
}
Event: 7053.815 GC heap before
{Heap before GC invocations=258 (full 0):
 garbage-first heap   total 371712K, used 315769K [0x0000000080000000, 0x0000000100000000)
  region size 1024K, 115 young (117760K), 3 survivors (3072K)
 Metaspace       used 173585K, capacity 179688K, committed 179720K, reserved 673792K
  class space    used 21796K, capacity 24060K, committed 24064K, reserved 516096K
}
Event: 7053.823 GC heap after
{Heap after GC invocations=259 (full 0):
 garbage-first heap   total 371712K, used 204120K [0x0000000080000000, 0x0000000100000000)
  region size 1024K, 8 young (8192K), 8 survivors (8192K)
 Metaspace       used 173585K, capacity 179688K, committed 179720K, reserved 673792K
  class space    used 21796K, capacity 24060K, committed 24064K, reserved 516096K
}

